<?xml version="1.0" encoding="UTF-8"?>
<testng-results skipped="1" failed="0" ignored="0" total="2" passed="1">
  <reporter-output>
  </reporter-output>
  <suite name="Default suite" duration-ms="16562" started-at="2020-10-27T23:02:44 CDT" finished-at="2020-10-27T23:03:01 CDT">
    <groups>
    </groups>
    <test name="Default test" duration-ms="16562" started-at="2020-10-27T23:02:44 CDT" finished-at="2020-10-27T23:03:01 CDT">
      <class name="facebookWithDataProvider">
        <test-method status="PASS" signature="f(java.util.Hashtable)[pri:0, instance:facebookWithDataProvider@27a8c74e]" name="f" duration-ms="8799" started-at="2020-10-27T23:02:45 CDT" data-provider="dp" finished-at="2020-10-27T23:02:54 CDT">
          <params>
            <param index="0">
              <value>
                <![CDATA[{ExpectedResult=loginSuccess, RunMode=Y, Pasword=zoho2015, UserName=ravilella.2015@gmail.com, Browser=chrome}]]>
              </value>
            </param>
          </params>
          <reporter-output>
          </reporter-output>
        </test-method> <!-- f -->
        <test-method status="SKIP" signature="f(java.util.Hashtable)[pri:0, instance:facebookWithDataProvider@27a8c74e]" name="f" duration-ms="7119" started-at="2020-10-27T23:02:54 CDT" data-provider="dp" finished-at="2020-10-27T23:03:01 CDT">
          <params>
            <param index="0">
              <value>
                <![CDATA[{ExpectedResult=loginSuccess, RunMode=N, Pasword=P1, UserName=U1, Browser=firefox}]]>
              </value>
            </param>
          </params>
          <exception class="org.testng.SkipException">
            <message>
              <![CDATA[Execution is set as No....]]>
            </message>
            <full-stacktrace>
              <![CDATA[org.testng.SkipException: Execution is set as No....
at facebookWithDataProvider.f(facebookWithDataProvider.java:28)
at sun.reflect.NativeMethodAccessorImpl.invoke0(Native Method)
at sun.reflect.NativeMethodAccessorImpl.invoke(Unknown Source)
at sun.reflect.DelegatingMethodAccessorImpl.invoke(Unknown Source)
at java.lang.reflect.Method.invoke(Unknown Source)
at org.testng.internal.MethodInvocationHelper.invokeMethod(MethodInvocationHelper.java:132)
at org.testng.internal.TestInvoker.invokeMethod(TestInvoker.java:599)
at org.testng.internal.TestInvoker.invokeTestMethod(TestInvoker.java:174)
at org.testng.internal.MethodRunner.runInSequence(MethodRunner.java:46)
at org.testng.internal.TestInvoker$MethodInvocationAgent.invoke(TestInvoker.java:822)
at org.testng.internal.TestInvoker.invokeTestMethods(TestInvoker.java:147)
at org.testng.internal.TestMethodWorker.invokeTestMethods(TestMethodWorker.java:146)
at org.testng.internal.TestMethodWorker.run(TestMethodWorker.java:128)
at java.util.ArrayList.forEach(Unknown Source)
at org.testng.TestRunner.privateRun(TestRunner.java:764)
at org.testng.TestRunner.run(TestRunner.java:585)
at org.testng.SuiteRunner.runTest(SuiteRunner.java:384)
at org.testng.SuiteRunner.runSequentially(SuiteRunner.java:378)
at org.testng.SuiteRunner.privateRun(SuiteRunner.java:337)
at org.testng.SuiteRunner.run(SuiteRunner.java:286)
at org.testng.SuiteRunnerWorker.runSuite(SuiteRunnerWorker.java:53)
at org.testng.SuiteRunnerWorker.run(SuiteRunnerWorker.java:96)
at org.testng.TestNG.runSuitesSequentially(TestNG.java:1218)
at org.testng.TestNG.runSuitesLocally(TestNG.java:1140)
at org.testng.TestNG.runSuites(TestNG.java:1069)
at org.testng.TestNG.run(TestNG.java:1037)
at org.testng.remote.AbstractRemoteTestNG.run(AbstractRemoteTestNG.java:115)
at org.testng.remote.RemoteTestNG.initAndRun(RemoteTestNG.java:251)
at org.testng.remote.RemoteTestNG.main(RemoteTestNG.java:77)
]]>
            </full-stacktrace>
          </exception> <!-- org.testng.SkipException -->
          <reporter-output>
          </reporter-output>
        </test-method> <!-- f -->
      </class> <!-- facebookWithDataProvider -->
    </test> <!-- Default test -->
  </suite> <!-- Default suite -->
</testng-results>
